14:47:46:132  INFO 20260 --- [main] com.hmall.trade.TradeApplication         : Starting TradeApplication using Java 11.0.22 on LAPTOP-JO16PU0D with PID 20260 (D:\3D对象\涵盖桌面\一点没学会\Idea_workspace\hmall\trade-service\target\classes started by Perseverance in D:\3D对象\涵盖桌面\一点没学会\Idea_workspace\hmall)
14:47:46:137 DEBUG 20260 --- [main] com.hmall.trade.TradeApplication         : Running with Spring Boot v2.7.12, Spring v5.3.27
14:47:46:137  INFO 20260 --- [main] com.hmall.trade.TradeApplication         : The following 1 profile is active: "local"
14:47:47:161  INFO 20260 --- [main] o.s.cloud.context.scope.GenericScope     : BeanFactory id=083f2a09-9ea1-3dd6-8ad5-a2f1fcd328f7
14:47:47:517  INFO 20260 --- [main] o.s.b.w.embedded.tomcat.TomcatWebServer  : Tomcat initialized with port(s): 8085 (http)
14:47:47:533  INFO 20260 --- [main] o.apache.catalina.core.StandardService   : Starting service [Tomcat]
14:47:47:533  INFO 20260 --- [main] org.apache.catalina.core.StandardEngine  : Starting Servlet engine: [Apache Tomcat/9.0.75]
14:47:47:674  INFO 20260 --- [main] o.a.c.c.C.[Tomcat].[localhost].[/]       : Initializing Spring embedded WebApplicationContext
14:47:47:674  INFO 20260 --- [main] w.s.c.ServletWebServerApplicationContext : Root WebApplicationContext: initialization completed in 1488 ms
14:47:47:873  INFO 20260 --- [main] o.s.c.openfeign.FeignClientFactoryBean   : For 'item-service' URL not provided. Will try picking an instance via load-balancing.
14:47:49:960  INFO 20260 --- [main] o.s.c.openfeign.FeignClientFactoryBean   : For 'cart-service' URL not provided. Will try picking an instance via load-balancing.
14:47:50:855  INFO 20260 --- [main] pertySourcedRequestMappingHandlerMapping : Mapped URL path [/v2/api-docs] onto method [springfox.documentation.swagger2.web.Swagger2ControllerWebMvc#getDocumentation(String, HttpServletRequest)]
14:47:51:608  INFO 20260 --- [main] com.alibaba.nacos.common.remote.client   : [RpcClientFactory] create a new rpc client of 50b1d045-5544-409f-8e96-03a963e050df
14:47:51:635  INFO 20260 --- [main] org.reflections.Reflections              : Reflections took 15 ms to scan 1 urls, producing 3 keys and 6 values 
14:47:51:652  INFO 20260 --- [main] org.reflections.Reflections              : Reflections took 6 ms to scan 1 urls, producing 4 keys and 9 values 
14:47:51:659  INFO 20260 --- [main] org.reflections.Reflections              : Reflections took 6 ms to scan 1 urls, producing 3 keys and 10 values 
14:47:51:661  WARN 20260 --- [main] org.reflections.Reflections              : given scan urls are empty. set urls in the configuration
14:47:51:667  INFO 20260 --- [main] org.reflections.Reflections              : Reflections took 6 ms to scan 1 urls, producing 1 keys and 5 values 
14:47:51:675  INFO 20260 --- [main] org.reflections.Reflections              : Reflections took 6 ms to scan 1 urls, producing 1 keys and 7 values 
14:47:51:681  INFO 20260 --- [main] org.reflections.Reflections              : Reflections took 6 ms to scan 1 urls, producing 2 keys and 8 values 
14:47:51:683  WARN 20260 --- [main] org.reflections.Reflections              : given scan urls are empty. set urls in the configuration
14:47:51:684  INFO 20260 --- [main] com.alibaba.nacos.common.remote.client   : [50b1d045-5544-409f-8e96-03a963e050df] RpcClient init label, labels = {module=naming, source=sdk}
14:47:51:685  INFO 20260 --- [main] com.alibaba.nacos.common.remote.client   : [50b1d045-5544-409f-8e96-03a963e050df] RpcClient init, ServerListFactory = com.alibaba.nacos.client.naming.core.ServerListManager
14:47:51:685  INFO 20260 --- [main] com.alibaba.nacos.common.remote.client   : [50b1d045-5544-409f-8e96-03a963e050df] Registry connection listener to current client:com.alibaba.nacos.client.naming.remote.gprc.redo.NamingGrpcRedoService
14:47:51:686  INFO 20260 --- [main] com.alibaba.nacos.common.remote.client   : [50b1d045-5544-409f-8e96-03a963e050df] Register server push request handler:com.alibaba.nacos.client.naming.remote.gprc.NamingPushRequestHandler
14:47:51:687  INFO 20260 --- [main] com.alibaba.nacos.common.remote.client   : [50b1d045-5544-409f-8e96-03a963e050df] Try to connect to server on start up, server: {serverIp = '192.168.145.128', server main port = 8848}
14:47:53:522  INFO 20260 --- [main] com.alibaba.nacos.common.remote.client   : [50b1d045-5544-409f-8e96-03a963e050df] Success to connect to server [192.168.145.128:8848] on start up, connectionId = 1735949770246_192.168.145.1_54674
14:47:53:522  INFO 20260 --- [com.alibaba.nacos.client.remote.worker] com.alibaba.nacos.common.remote.client   : [50b1d045-5544-409f-8e96-03a963e050df] Notify connected event to listeners.
14:47:53:523  INFO 20260 --- [main] com.alibaba.nacos.common.remote.client   : [50b1d045-5544-409f-8e96-03a963e050df] Register server push request handler:com.alibaba.nacos.common.remote.client.RpcClient$ConnectResetRequestHandler
14:47:53:523  INFO 20260 --- [main] com.alibaba.nacos.common.remote.client   : [50b1d045-5544-409f-8e96-03a963e050df] Register server push request handler:com.alibaba.nacos.common.remote.client.RpcClient$$Lambda$974/0x0000000800735c40
14:47:53:559  INFO 20260 --- [main] o.s.b.w.embedded.tomcat.TomcatWebServer  : Tomcat started on port(s): 8085 (http) with context path ''
14:47:53:568  INFO 20260 --- [main] c.a.c.n.registry.NacosServiceRegistry    : nacos registry, DEFAULT_GROUP trade-service 192.168.228.1:8085 register finished
14:47:54:086  INFO 20260 --- [nacos-grpc-client-executor-9] com.alibaba.nacos.common.remote.client   : [50b1d045-5544-409f-8e96-03a963e050df] Receive server push request, request = NotifySubscriberRequest, requestId = 148
14:47:54:090  INFO 20260 --- [nacos-grpc-client-executor-9] com.alibaba.nacos.common.remote.client   : [50b1d045-5544-409f-8e96-03a963e050df] Ack server push request, request = NotifySubscriberRequest, requestId = 148
14:47:54:144  INFO 20260 --- [main] d.s.w.p.DocumentationPluginsBootstrapper : Documentation plugins bootstrapped
14:47:54:146  INFO 20260 --- [main] d.s.w.p.DocumentationPluginsBootstrapper : Found 1 custom documentation plugin(s)
14:47:54:174  INFO 20260 --- [main] s.d.s.w.s.ApiListingReferenceScanner     : Scanning for api listing references
14:47:54:249  INFO 20260 --- [main] com.hmall.trade.TradeApplication         : Started TradeApplication in 10.088 seconds (JVM running for 11.815)
14:49:57:546  INFO 20260 --- [http-nio-8085-exec-1] o.a.c.c.C.[Tomcat].[localhost].[/]       : Initializing Spring DispatcherServlet 'dispatcherServlet'
14:49:57:547  INFO 20260 --- [http-nio-8085-exec-1] o.s.web.servlet.DispatcherServlet        : Initializing Servlet 'dispatcherServlet'
14:49:57:549  INFO 20260 --- [http-nio-8085-exec-1] o.s.web.servlet.DispatcherServlet        : Completed initialization in 2 ms
14:49:57:591  INFO 20260 --- [http-nio-8085-exec-1] com.zaxxer.hikari.HikariDataSource       : HikariPool-1 - Starting...
14:49:57:780  INFO 20260 --- [http-nio-8085-exec-1] com.zaxxer.hikari.HikariDataSource       : HikariPool-1 - Start completed.
14:49:57:794 DEBUG 20260 --- [http-nio-8085-exec-1] com.hmall.api.client.ItemClient          : [ItemClient#queryItemByIds] ---> GET http://item-service/items?ids=40305713537 HTTP/1.1
14:49:57:795 DEBUG 20260 --- [http-nio-8085-exec-1] com.hmall.api.client.ItemClient          : [ItemClient#queryItemByIds] user-info: 1
14:49:57:795 DEBUG 20260 --- [http-nio-8085-exec-1] com.hmall.api.client.ItemClient          : [ItemClient#queryItemByIds] ---> END HTTP (0-byte body)
14:49:57:892 DEBUG 20260 --- [http-nio-8085-exec-1] com.hmall.api.client.ItemClient          : [ItemClient#queryItemByIds] <--- HTTP/1.1 200 (97ms)
14:49:57:892 DEBUG 20260 --- [http-nio-8085-exec-1] com.hmall.api.client.ItemClient          : [ItemClient#queryItemByIds] connection: keep-alive
14:49:57:892 DEBUG 20260 --- [http-nio-8085-exec-1] com.hmall.api.client.ItemClient          : [ItemClient#queryItemByIds] content-type: application/json
14:49:57:892 DEBUG 20260 --- [http-nio-8085-exec-1] com.hmall.api.client.ItemClient          : [ItemClient#queryItemByIds] date: Sun, 05 Jan 2025 06:49:57 GMT
14:49:57:892 DEBUG 20260 --- [http-nio-8085-exec-1] com.hmall.api.client.ItemClient          : [ItemClient#queryItemByIds] keep-alive: timeout=60
14:49:57:892 DEBUG 20260 --- [http-nio-8085-exec-1] com.hmall.api.client.ItemClient          : [ItemClient#queryItemByIds] transfer-encoding: chunked
14:49:57:893 DEBUG 20260 --- [http-nio-8085-exec-1] com.hmall.api.client.ItemClient          : [ItemClient#queryItemByIds] 
14:49:57:893 DEBUG 20260 --- [http-nio-8085-exec-1] com.hmall.api.client.ItemClient          : [ItemClient#queryItemByIds] [{"id":"40305713537","name":"【官方正品 品牌直营】奥古狮登小白鞋女秋季透气2018新款百搭韩版休闲鞋运动鞋女鞋厚底板鞋女 浅蓝【厚底】 41","price":35400,"stock":9998,"image":"https://m.360buyimg.com/mobilecms/s720x720_jfs/t1/14147/34/2890/275451/5c225484Ebd346404/e61513be4639ee2e.jpg!q70.jpg.webp","category":"休闲鞋","brand":"奥古狮登","spec":"{\"颜色\": \"金色\", \"尺码\": \"41\"}","sold":0,"commentCount":0,"isAD":false,"status":1}]
14:49:57:894 DEBUG 20260 --- [http-nio-8085-exec-1] com.hmall.api.client.ItemClient          : [ItemClient#queryItemByIds] <--- END HTTP (492-byte body)
14:49:57:928 DEBUG 20260 --- [http-nio-8085-exec-1] c.hmall.trade.mapper.OrderMapper.insert  : ==>  Preparing: INSERT INTO `order` ( id, total_fee, payment_type, user_id, status ) VALUES ( ?, ?, ?, ?, ? )
14:49:57:946 DEBUG 20260 --- [http-nio-8085-exec-1] c.hmall.trade.mapper.OrderMapper.insert  : ==> Parameters: 1875796865116119042(Long), 35400(Integer), 3(Integer), 1(Long), 1(Integer)
14:49:57:953 DEBUG 20260 --- [http-nio-8085-exec-1] c.hmall.trade.mapper.OrderMapper.insert  : <==    Updates: 1
14:49:57:960 DEBUG 20260 --- [http-nio-8085-exec-1] c.h.t.mapper.OrderDetailMapper.insert    : ==>  Preparing: INSERT INTO order_detail ( order_id, item_id, num, name, spec, price, image ) VALUES ( ?, ?, ?, ?, ?, ?, ? )
14:49:57:962 DEBUG 20260 --- [http-nio-8085-exec-1] c.h.t.mapper.OrderDetailMapper.insert    : ==> Parameters: 1875796865116119042(Long), 40305713537(Long), 1(Integer), 【官方正品 品牌直营】奥古狮登小白鞋女秋季透气2018新款百搭韩版休闲鞋运动鞋女鞋厚底板鞋女 浅蓝【厚底】 41(String), {"颜色": "金色", "尺码": "41"}(String), 35400(Integer), https://m.360buyimg.com/mobilecms/s720x720_jfs/t1/14147/34/2890/275451/5c225484Ebd346404/e61513be4639ee2e.jpg!q70.jpg.webp(String)
14:49:57:977 DEBUG 20260 --- [http-nio-8085-exec-1] com.hmall.api.client.CartClient          : [CartClient#deleteCartItemByIds] ---> DELETE http://cart-service/carts?ids=40305713537 HTTP/1.1
14:49:57:977 DEBUG 20260 --- [http-nio-8085-exec-1] com.hmall.api.client.CartClient          : [CartClient#deleteCartItemByIds] user-info: 1
14:49:57:977 DEBUG 20260 --- [http-nio-8085-exec-1] com.hmall.api.client.CartClient          : [CartClient#deleteCartItemByIds] ---> END HTTP (0-byte body)
14:49:58:013 DEBUG 20260 --- [http-nio-8085-exec-1] com.hmall.api.client.CartClient          : [CartClient#deleteCartItemByIds] <--- HTTP/1.1 200 (35ms)
14:49:58:013 DEBUG 20260 --- [http-nio-8085-exec-1] com.hmall.api.client.CartClient          : [CartClient#deleteCartItemByIds] connection: keep-alive
14:49:58:013 DEBUG 20260 --- [http-nio-8085-exec-1] com.hmall.api.client.CartClient          : [CartClient#deleteCartItemByIds] content-length: 0
14:49:58:013 DEBUG 20260 --- [http-nio-8085-exec-1] com.hmall.api.client.CartClient          : [CartClient#deleteCartItemByIds] date: Sun, 05 Jan 2025 06:49:58 GMT
14:49:58:013 DEBUG 20260 --- [http-nio-8085-exec-1] com.hmall.api.client.CartClient          : [CartClient#deleteCartItemByIds] keep-alive: timeout=60
14:49:58:013 DEBUG 20260 --- [http-nio-8085-exec-1] com.hmall.api.client.CartClient          : [CartClient#deleteCartItemByIds] 
14:49:58:013 DEBUG 20260 --- [http-nio-8085-exec-1] com.hmall.api.client.CartClient          : [CartClient#deleteCartItemByIds] <--- END HTTP (0-byte body)
14:49:58:021 DEBUG 20260 --- [http-nio-8085-exec-1] com.hmall.api.client.ItemClient          : [ItemClient#deductStock] ---> PUT http://item-service/items/stock/deduct HTTP/1.1
14:49:58:021 DEBUG 20260 --- [http-nio-8085-exec-1] com.hmall.api.client.ItemClient          : [ItemClient#deductStock] Content-Length: 34
14:49:58:021 DEBUG 20260 --- [http-nio-8085-exec-1] com.hmall.api.client.ItemClient          : [ItemClient#deductStock] Content-Type: application/json
14:49:58:021 DEBUG 20260 --- [http-nio-8085-exec-1] com.hmall.api.client.ItemClient          : [ItemClient#deductStock] user-info: 1
14:49:58:021 DEBUG 20260 --- [http-nio-8085-exec-1] com.hmall.api.client.ItemClient          : [ItemClient#deductStock] 
14:49:58:022 DEBUG 20260 --- [http-nio-8085-exec-1] com.hmall.api.client.ItemClient          : [ItemClient#deductStock] [{"itemId":"40305713537","num":1}]
14:49:58:022 DEBUG 20260 --- [http-nio-8085-exec-1] com.hmall.api.client.ItemClient          : [ItemClient#deductStock] ---> END HTTP (34-byte body)
14:49:58:045 DEBUG 20260 --- [http-nio-8085-exec-1] com.hmall.api.client.ItemClient          : [ItemClient#deductStock] <--- HTTP/1.1 200 (23ms)
14:49:58:045 DEBUG 20260 --- [http-nio-8085-exec-1] com.hmall.api.client.ItemClient          : [ItemClient#deductStock] connection: keep-alive
14:49:58:045 DEBUG 20260 --- [http-nio-8085-exec-1] com.hmall.api.client.ItemClient          : [ItemClient#deductStock] content-length: 0
14:49:58:045 DEBUG 20260 --- [http-nio-8085-exec-1] com.hmall.api.client.ItemClient          : [ItemClient#deductStock] date: Sun, 05 Jan 2025 06:49:57 GMT
14:49:58:046 DEBUG 20260 --- [http-nio-8085-exec-1] com.hmall.api.client.ItemClient          : [ItemClient#deductStock] keep-alive: timeout=60
14:49:58:046 DEBUG 20260 --- [http-nio-8085-exec-1] com.hmall.api.client.ItemClient          : [ItemClient#deductStock] 
14:49:58:046 DEBUG 20260 --- [http-nio-8085-exec-1] com.hmall.api.client.ItemClient          : [ItemClient#deductStock] <--- END HTTP (0-byte body)
14:49:58:231 DEBUG 20260 --- [http-nio-8085-exec-3] c.h.trade.mapper.OrderMapper.selectById  : ==>  Preparing: SELECT id,total_fee,payment_type,user_id,status,create_time,pay_time,consign_time,end_time,close_time,comment_time,update_time FROM `order` WHERE id=?
14:49:58:231 DEBUG 20260 --- [http-nio-8085-exec-3] c.h.trade.mapper.OrderMapper.selectById  : ==> Parameters: 1875796865116119042(Long)
14:49:58:255 DEBUG 20260 --- [http-nio-8085-exec-3] c.h.trade.mapper.OrderMapper.selectById  : <==      Total: 1
14:49:58:327  INFO 20260 --- [nacos-grpc-client-executor-42] com.alibaba.nacos.common.remote.client   : [50b1d045-5544-409f-8e96-03a963e050df] Receive server push request, request = NotifySubscriberRequest, requestId = 157
14:49:58:330  INFO 20260 --- [nacos-grpc-client-executor-42] com.alibaba.nacos.common.remote.client   : [50b1d045-5544-409f-8e96-03a963e050df] Ack server push request, request = NotifySubscriberRequest, requestId = 157
14:49:58:514  INFO 20260 --- [nacos-grpc-client-executor-43] com.alibaba.nacos.common.remote.client   : [50b1d045-5544-409f-8e96-03a963e050df] Receive server push request, request = NotifySubscriberRequest, requestId = 158
14:49:58:515  INFO 20260 --- [nacos-grpc-client-executor-43] com.alibaba.nacos.common.remote.client   : [50b1d045-5544-409f-8e96-03a963e050df] Ack server push request, request = NotifySubscriberRequest, requestId = 158
14:53:03:324  INFO 20260 --- [nacos-grpc-client-executor-86] com.alibaba.nacos.common.remote.client   : [50b1d045-5544-409f-8e96-03a963e050df] Receive server push request, request = ClientDetectionRequest, requestId = 164
14:53:03:325  INFO 20260 --- [nacos-grpc-client-executor-86] com.alibaba.nacos.common.remote.client   : [50b1d045-5544-409f-8e96-03a963e050df] Ack server push request, request = ClientDetectionRequest, requestId = 164
14:53:55:579 DEBUG 20260 --- [http-nio-8085-exec-6] com.hmall.api.client.ItemClient          : [ItemClient#queryItemByIds] ---> GET http://item-service/items?ids=14741770661 HTTP/1.1
14:53:55:580 DEBUG 20260 --- [http-nio-8085-exec-6] com.hmall.api.client.ItemClient          : [ItemClient#queryItemByIds] user-info: 1
14:53:55:580 DEBUG 20260 --- [http-nio-8085-exec-6] com.hmall.api.client.ItemClient          : [ItemClient#queryItemByIds] ---> END HTTP (0-byte body)
14:53:55:589 DEBUG 20260 --- [http-nio-8085-exec-6] com.hmall.api.client.ItemClient          : [ItemClient#queryItemByIds] <--- HTTP/1.1 200 (8ms)
14:53:55:590 DEBUG 20260 --- [http-nio-8085-exec-6] com.hmall.api.client.ItemClient          : [ItemClient#queryItemByIds] connection: keep-alive
14:53:55:590 DEBUG 20260 --- [http-nio-8085-exec-6] com.hmall.api.client.ItemClient          : [ItemClient#queryItemByIds] content-type: application/json
14:53:55:590 DEBUG 20260 --- [http-nio-8085-exec-6] com.hmall.api.client.ItemClient          : [ItemClient#queryItemByIds] date: Sun, 05 Jan 2025 06:53:55 GMT
14:53:55:590 DEBUG 20260 --- [http-nio-8085-exec-6] com.hmall.api.client.ItemClient          : [ItemClient#queryItemByIds] keep-alive: timeout=60
14:53:55:590 DEBUG 20260 --- [http-nio-8085-exec-6] com.hmall.api.client.ItemClient          : [ItemClient#queryItemByIds] transfer-encoding: chunked
14:53:55:590 DEBUG 20260 --- [http-nio-8085-exec-6] com.hmall.api.client.ItemClient          : [ItemClient#queryItemByIds] 
14:53:55:590 DEBUG 20260 --- [http-nio-8085-exec-6] com.hmall.api.client.ItemClient          : [ItemClient#queryItemByIds] [{"id":"14741770661","name":"康佳（KONKA） LED49UC3 49英寸超薄曲面36核4K HDR人工智能电视","price":144600,"stock":9997,"image":"https://m.360buyimg.com/mobilecms/s720x720_jfs/t16477/84/2032772431/400946/2887be91/5a912776N7e343ec3.jpg!q70.jpg.webp","category":"曲面电视","brand":"康佳","spec":"{}","sold":0,"commentCount":0,"isAD":false,"status":1}]
14:53:55:590 DEBUG 20260 --- [http-nio-8085-exec-6] com.hmall.api.client.ItemClient          : [ItemClient#queryItemByIds] <--- END HTTP (370-byte body)
14:53:55:591 DEBUG 20260 --- [http-nio-8085-exec-6] c.hmall.trade.mapper.OrderMapper.insert  : ==>  Preparing: INSERT INTO `order` ( id, total_fee, payment_type, user_id, status ) VALUES ( ?, ?, ?, ?, ? )
14:53:55:592 DEBUG 20260 --- [http-nio-8085-exec-6] c.hmall.trade.mapper.OrderMapper.insert  : ==> Parameters: 1875797861942796289(Long), 144600(Integer), 3(Integer), 1(Long), 1(Integer)
14:53:55:594 DEBUG 20260 --- [http-nio-8085-exec-6] c.hmall.trade.mapper.OrderMapper.insert  : <==    Updates: 1
14:53:55:595 DEBUG 20260 --- [http-nio-8085-exec-6] c.h.t.mapper.OrderDetailMapper.insert    : ==>  Preparing: INSERT INTO order_detail ( order_id, item_id, num, name, spec, price, image ) VALUES ( ?, ?, ?, ?, ?, ?, ? )
14:53:55:596 DEBUG 20260 --- [http-nio-8085-exec-6] c.h.t.mapper.OrderDetailMapper.insert    : ==> Parameters: 1875797861942796289(Long), 14741770661(Long), 1(Integer), 康佳（KONKA） LED49UC3 49英寸超薄曲面36核4K HDR人工智能电视(String), {}(String), 144600(Integer), https://m.360buyimg.com/mobilecms/s720x720_jfs/t16477/84/2032772431/400946/2887be91/5a912776N7e343ec3.jpg!q70.jpg.webp(String)
14:53:55:598 DEBUG 20260 --- [http-nio-8085-exec-6] com.hmall.api.client.CartClient          : [CartClient#deleteCartItemByIds] ---> DELETE http://cart-service/carts?ids=14741770661 HTTP/1.1
14:53:55:598 DEBUG 20260 --- [http-nio-8085-exec-6] com.hmall.api.client.CartClient          : [CartClient#deleteCartItemByIds] user-info: 1
14:53:55:598 DEBUG 20260 --- [http-nio-8085-exec-6] com.hmall.api.client.CartClient          : [CartClient#deleteCartItemByIds] ---> END HTTP (0-byte body)
14:53:55:606 DEBUG 20260 --- [http-nio-8085-exec-6] com.hmall.api.client.CartClient          : [CartClient#deleteCartItemByIds] <--- HTTP/1.1 200 (8ms)
14:53:55:606 DEBUG 20260 --- [http-nio-8085-exec-6] com.hmall.api.client.CartClient          : [CartClient#deleteCartItemByIds] connection: keep-alive
14:53:55:606 DEBUG 20260 --- [http-nio-8085-exec-6] com.hmall.api.client.CartClient          : [CartClient#deleteCartItemByIds] content-length: 0
14:53:55:606 DEBUG 20260 --- [http-nio-8085-exec-6] com.hmall.api.client.CartClient          : [CartClient#deleteCartItemByIds] date: Sun, 05 Jan 2025 06:53:55 GMT
14:53:55:606 DEBUG 20260 --- [http-nio-8085-exec-6] com.hmall.api.client.CartClient          : [CartClient#deleteCartItemByIds] keep-alive: timeout=60
14:53:55:607 DEBUG 20260 --- [http-nio-8085-exec-6] com.hmall.api.client.CartClient          : [CartClient#deleteCartItemByIds] 
14:53:55:607 DEBUG 20260 --- [http-nio-8085-exec-6] com.hmall.api.client.CartClient          : [CartClient#deleteCartItemByIds] <--- END HTTP (0-byte body)
14:53:55:607 DEBUG 20260 --- [http-nio-8085-exec-6] com.hmall.api.client.ItemClient          : [ItemClient#deductStock] ---> PUT http://item-service/items/stock/deduct HTTP/1.1
14:53:55:607 DEBUG 20260 --- [http-nio-8085-exec-6] com.hmall.api.client.ItemClient          : [ItemClient#deductStock] Content-Length: 34
14:53:55:607 DEBUG 20260 --- [http-nio-8085-exec-6] com.hmall.api.client.ItemClient          : [ItemClient#deductStock] Content-Type: application/json
14:53:55:607 DEBUG 20260 --- [http-nio-8085-exec-6] com.hmall.api.client.ItemClient          : [ItemClient#deductStock] user-info: 1
14:53:55:607 DEBUG 20260 --- [http-nio-8085-exec-6] com.hmall.api.client.ItemClient          : [ItemClient#deductStock] 
14:53:55:607 DEBUG 20260 --- [http-nio-8085-exec-6] com.hmall.api.client.ItemClient          : [ItemClient#deductStock] [{"itemId":"14741770661","num":1}]
14:53:55:607 DEBUG 20260 --- [http-nio-8085-exec-6] com.hmall.api.client.ItemClient          : [ItemClient#deductStock] ---> END HTTP (34-byte body)
14:53:55:616 DEBUG 20260 --- [http-nio-8085-exec-6] com.hmall.api.client.ItemClient          : [ItemClient#deductStock] <--- HTTP/1.1 200 (7ms)
14:53:55:616 DEBUG 20260 --- [http-nio-8085-exec-6] com.hmall.api.client.ItemClient          : [ItemClient#deductStock] connection: keep-alive
14:53:55:616 DEBUG 20260 --- [http-nio-8085-exec-6] com.hmall.api.client.ItemClient          : [ItemClient#deductStock] content-length: 0
14:53:55:616 DEBUG 20260 --- [http-nio-8085-exec-6] com.hmall.api.client.ItemClient          : [ItemClient#deductStock] date: Sun, 05 Jan 2025 06:53:55 GMT
14:53:55:616 DEBUG 20260 --- [http-nio-8085-exec-6] com.hmall.api.client.ItemClient          : [ItemClient#deductStock] keep-alive: timeout=60
14:53:55:616 DEBUG 20260 --- [http-nio-8085-exec-6] com.hmall.api.client.ItemClient          : [ItemClient#deductStock] 
14:53:55:616 DEBUG 20260 --- [http-nio-8085-exec-6] com.hmall.api.client.ItemClient          : [ItemClient#deductStock] <--- END HTTP (0-byte body)
14:53:55:772 DEBUG 20260 --- [http-nio-8085-exec-5] c.h.trade.mapper.OrderMapper.selectById  : ==>  Preparing: SELECT id,total_fee,payment_type,user_id,status,create_time,pay_time,consign_time,end_time,close_time,comment_time,update_time FROM `order` WHERE id=?
14:53:55:773 DEBUG 20260 --- [http-nio-8085-exec-5] c.h.trade.mapper.OrderMapper.selectById  : ==> Parameters: 1875797861942796289(Long)
14:53:55:776 DEBUG 20260 --- [http-nio-8085-exec-5] c.h.trade.mapper.OrderMapper.selectById  : <==      Total: 1
15:08:57:144  INFO 20260 --- [nacos-grpc-client-executor-296] com.alibaba.nacos.common.remote.client   : [50b1d045-5544-409f-8e96-03a963e050df] Receive server push request, request = NotifySubscriberRequest, requestId = 167
15:08:57:146  INFO 20260 --- [nacos-grpc-client-executor-296] com.alibaba.nacos.common.remote.client   : [50b1d045-5544-409f-8e96-03a963e050df] Ack server push request, request = NotifySubscriberRequest, requestId = 167
15:09:11:822  INFO 20260 --- [nacos-grpc-client-executor-300] com.alibaba.nacos.common.remote.client   : [50b1d045-5544-409f-8e96-03a963e050df] Receive server push request, request = NotifySubscriberRequest, requestId = 170
15:09:11:825  INFO 20260 --- [nacos-grpc-client-executor-300] com.alibaba.nacos.common.remote.client   : [50b1d045-5544-409f-8e96-03a963e050df] Ack server push request, request = NotifySubscriberRequest, requestId = 170
15:12:16:331  INFO 20260 --- [nacos-grpc-client-executor-339] com.alibaba.nacos.common.remote.client   : [50b1d045-5544-409f-8e96-03a963e050df] Receive server push request, request = NotifySubscriberRequest, requestId = 173
15:12:16:333  INFO 20260 --- [nacos-grpc-client-executor-339] com.alibaba.nacos.common.remote.client   : [50b1d045-5544-409f-8e96-03a963e050df] Ack server push request, request = NotifySubscriberRequest, requestId = 173
15:12:27:512  INFO 20260 --- [nacos-grpc-client-executor-341] com.alibaba.nacos.common.remote.client   : [50b1d045-5544-409f-8e96-03a963e050df] Receive server push request, request = NotifySubscriberRequest, requestId = 176
15:12:27:514  INFO 20260 --- [nacos-grpc-client-executor-341] com.alibaba.nacos.common.remote.client   : [50b1d045-5544-409f-8e96-03a963e050df] Ack server push request, request = NotifySubscriberRequest, requestId = 176
15:13:48:198  INFO 20260 --- [com.alibaba.nacos.client.remote.worker] com.alibaba.nacos.common.remote.client   : [50b1d045-5544-409f-8e96-03a963e050df] Server healthy check fail, currentConnection = 1735949770246_192.168.145.1_54674
15:13:48:202  INFO 20260 --- [com.alibaba.nacos.client.remote.worker] com.alibaba.nacos.common.remote.client   : [50b1d045-5544-409f-8e96-03a963e050df] Try to reconnect to a new server, server is  not appointed, will choose a random server.
15:13:51:222 ERROR 20260 --- [com.alibaba.nacos.client.remote.worker] c.a.n.c.remote.client.grpc.GrpcClient    : Server check fail, please check server 192.168.145.128 ,port 9848 is available , error ={}

java.util.concurrent.TimeoutException: Waited 3000 milliseconds (plus 1 milliseconds, 450200 nanoseconds delay) for com.alibaba.nacos.shaded.io.grpc.stub.ClientCalls$GrpcFuture@569e14b7[status=PENDING, info=[GrpcFuture{clientCall={delegate={delegate=ClientCallImpl{method=MethodDescriptor{fullMethodName=Request/request, type=UNARY, idempotent=false, safe=false, sampledToLocalTracing=true, requestMarshaller=com.alibaba.nacos.shaded.io.grpc.protobuf.lite.ProtoLiteUtils$MessageMarshaller@3a425508, responseMarshaller=com.alibaba.nacos.shaded.io.grpc.protobuf.lite.ProtoLiteUtils$MessageMarshaller@145a006e, schemaDescriptor=com.alibaba.nacos.api.grpc.auto.RequestGrpc$RequestMethodDescriptorSupplier@6f9a8678}}}}}]]
	at com.alibaba.nacos.shaded.com.google.common.util.concurrent.AbstractFuture.get(AbstractFuture.java:508) ~[nacos-client-2.0.4.jar:na]
	at com.alibaba.nacos.common.remote.client.grpc.GrpcClient.serverCheck(GrpcClient.java:148) ~[nacos-client-2.0.4.jar:na]
	at com.alibaba.nacos.common.remote.client.grpc.GrpcClient.connectToServer(GrpcClient.java:264) ~[nacos-client-2.0.4.jar:na]
	at com.alibaba.nacos.common.remote.client.RpcClient.reconnect(RpcClient.java:522) ~[nacos-client-2.0.4.jar:na]
	at com.alibaba.nacos.common.remote.client.RpcClient.lambda$start$2(RpcClient.java:370) ~[nacos-client-2.0.4.jar:na]
	at java.base/java.util.concurrent.Executors$RunnableAdapter.call(Executors.java:515) ~[na:na]
	at java.base/java.util.concurrent.FutureTask.run(FutureTask.java:264) ~[na:na]
	at java.base/java.util.concurrent.ScheduledThreadPoolExecutor$ScheduledFutureTask.run(ScheduledThreadPoolExecutor.java:304) ~[na:na]
	at java.base/java.util.concurrent.ThreadPoolExecutor.runWorker(ThreadPoolExecutor.java:1128) ~[na:na]
	at java.base/java.util.concurrent.ThreadPoolExecutor$Worker.run(ThreadPoolExecutor.java:628) ~[na:na]
	at java.base/java.lang.Thread.run(Thread.java:829) ~[na:na]

15:13:54:351 ERROR 20260 --- [com.alibaba.nacos.client.remote.worker] c.a.n.c.remote.client.grpc.GrpcClient    : Server check fail, please check server 192.168.145.128 ,port 9848 is available , error ={}

java.util.concurrent.TimeoutException: Waited 3000 milliseconds (plus 1 milliseconds, 78300 nanoseconds delay) for com.alibaba.nacos.shaded.io.grpc.stub.ClientCalls$GrpcFuture@4d06476[status=PENDING, info=[GrpcFuture{clientCall={delegate={delegate=ClientCallImpl{method=MethodDescriptor{fullMethodName=Request/request, type=UNARY, idempotent=false, safe=false, sampledToLocalTracing=true, requestMarshaller=com.alibaba.nacos.shaded.io.grpc.protobuf.lite.ProtoLiteUtils$MessageMarshaller@3a425508, responseMarshaller=com.alibaba.nacos.shaded.io.grpc.protobuf.lite.ProtoLiteUtils$MessageMarshaller@145a006e, schemaDescriptor=com.alibaba.nacos.api.grpc.auto.RequestGrpc$RequestMethodDescriptorSupplier@6f9a8678}}}}}]]
	at com.alibaba.nacos.shaded.com.google.common.util.concurrent.AbstractFuture.get(AbstractFuture.java:508) ~[nacos-client-2.0.4.jar:na]
	at com.alibaba.nacos.common.remote.client.grpc.GrpcClient.serverCheck(GrpcClient.java:148) ~[nacos-client-2.0.4.jar:na]
	at com.alibaba.nacos.common.remote.client.grpc.GrpcClient.connectToServer(GrpcClient.java:264) ~[nacos-client-2.0.4.jar:na]
	at com.alibaba.nacos.common.remote.client.RpcClient.reconnect(RpcClient.java:522) ~[nacos-client-2.0.4.jar:na]
	at com.alibaba.nacos.common.remote.client.RpcClient.lambda$start$2(RpcClient.java:370) ~[nacos-client-2.0.4.jar:na]
	at java.base/java.util.concurrent.Executors$RunnableAdapter.call(Executors.java:515) ~[na:na]
	at java.base/java.util.concurrent.FutureTask.run(FutureTask.java:264) ~[na:na]
	at java.base/java.util.concurrent.ScheduledThreadPoolExecutor$ScheduledFutureTask.run(ScheduledThreadPoolExecutor.java:304) ~[na:na]
	at java.base/java.util.concurrent.ThreadPoolExecutor.runWorker(ThreadPoolExecutor.java:1128) ~[na:na]
	at java.base/java.util.concurrent.ThreadPoolExecutor$Worker.run(ThreadPoolExecutor.java:628) ~[na:na]
	at java.base/java.lang.Thread.run(Thread.java:829) ~[na:na]

15:13:54:353  INFO 20260 --- [com.alibaba.nacos.client.remote.worker] com.alibaba.nacos.common.remote.client   : [50b1d045-5544-409f-8e96-03a963e050df] Fail to connect server, after trying 1 times, last try server is {serverIp = '192.168.145.128', server main port = 8848}, error = unknown
15:13:55:009 ERROR 20260 --- [com.alibaba.nacos.client.naming.updater.1] com.alibaba.nacos.common.remote.client   : Send request fail, request = ServiceQueryRequest{headers={app=unknown}, requestId='null'}, retryTimes = 0, errorMessage = Client not connected, current status:UNHEALTHY
15:13:55:120 ERROR 20260 --- [com.alibaba.nacos.client.naming.updater.1] com.alibaba.nacos.common.remote.client   : Send request fail, request = ServiceQueryRequest{headers={app=unknown}, requestId='null'}, retryTimes = 1, errorMessage = Client not connected, current status:UNHEALTHY
15:13:55:229 ERROR 20260 --- [com.alibaba.nacos.client.naming.updater.1] com.alibaba.nacos.common.remote.client   : Send request fail, request = ServiceQueryRequest{headers={app=unknown}, requestId='null'}, retryTimes = 2, errorMessage = Client not connected, current status:UNHEALTHY
15:13:57:342 ERROR 20260 --- [com.alibaba.nacos.client.naming.updater.0] com.alibaba.nacos.common.remote.client   : Send request fail, request = ServiceQueryRequest{headers={app=unknown}, requestId='null'}, retryTimes = 0, errorMessage = Client not connected, current status:UNHEALTHY
15:13:57:449 ERROR 20260 --- [com.alibaba.nacos.client.naming.updater.0] com.alibaba.nacos.common.remote.client   : Send request fail, request = ServiceQueryRequest{headers={app=unknown}, requestId='null'}, retryTimes = 1, errorMessage = Client not connected, current status:UNHEALTHY
15:13:57:560 ERROR 20260 --- [com.alibaba.nacos.client.naming.updater.0] com.alibaba.nacos.common.remote.client   : Send request fail, request = ServiceQueryRequest{headers={app=unknown}, requestId='null'}, retryTimes = 2, errorMessage = Client not connected, current status:UNHEALTHY
15:13:57:560 ERROR 20260 --- [com.alibaba.nacos.client.remote.worker] c.a.n.c.remote.client.grpc.GrpcClient    : Server check fail, please check server 192.168.145.128 ,port 9848 is available , error ={}

java.util.concurrent.TimeoutException: Waited 3000 milliseconds (plus 3 milliseconds, 769500 nanoseconds delay) for com.alibaba.nacos.shaded.io.grpc.stub.ClientCalls$GrpcFuture@60dbcd21[status=PENDING, info=[GrpcFuture{clientCall={delegate={delegate=ClientCallImpl{method=MethodDescriptor{fullMethodName=Request/request, type=UNARY, idempotent=false, safe=false, sampledToLocalTracing=true, requestMarshaller=com.alibaba.nacos.shaded.io.grpc.protobuf.lite.ProtoLiteUtils$MessageMarshaller@3a425508, responseMarshaller=com.alibaba.nacos.shaded.io.grpc.protobuf.lite.ProtoLiteUtils$MessageMarshaller@145a006e, schemaDescriptor=com.alibaba.nacos.api.grpc.auto.RequestGrpc$RequestMethodDescriptorSupplier@6f9a8678}}}}}]]
	at com.alibaba.nacos.shaded.com.google.common.util.concurrent.AbstractFuture.get(AbstractFuture.java:508) ~[nacos-client-2.0.4.jar:na]
	at com.alibaba.nacos.common.remote.client.grpc.GrpcClient.serverCheck(GrpcClient.java:148) ~[nacos-client-2.0.4.jar:na]
	at com.alibaba.nacos.common.remote.client.grpc.GrpcClient.connectToServer(GrpcClient.java:264) ~[nacos-client-2.0.4.jar:na]
	at com.alibaba.nacos.common.remote.client.RpcClient.reconnect(RpcClient.java:522) ~[nacos-client-2.0.4.jar:na]
	at com.alibaba.nacos.common.remote.client.RpcClient.lambda$start$2(RpcClient.java:370) ~[nacos-client-2.0.4.jar:na]
	at java.base/java.util.concurrent.Executors$RunnableAdapter.call(Executors.java:515) ~[na:na]
	at java.base/java.util.concurrent.FutureTask.run(FutureTask.java:264) ~[na:na]
	at java.base/java.util.concurrent.ScheduledThreadPoolExecutor$ScheduledFutureTask.run(ScheduledThreadPoolExecutor.java:304) ~[na:na]
	at java.base/java.util.concurrent.ThreadPoolExecutor.runWorker(ThreadPoolExecutor.java:1128) ~[na:na]
	at java.base/java.util.concurrent.ThreadPoolExecutor$Worker.run(ThreadPoolExecutor.java:628) ~[na:na]
	at java.base/java.lang.Thread.run(Thread.java:829) ~[na:na]

15:13:57:561  INFO 20260 --- [com.alibaba.nacos.client.remote.worker] com.alibaba.nacos.common.remote.client   : [50b1d045-5544-409f-8e96-03a963e050df] Fail to connect server, after trying 2 times, last try server is {serverIp = '192.168.145.128', server main port = 8848}, error = unknown
15:13:58:009  INFO 20260 --- [com.alibaba.nacos.client.remote.worker] com.alibaba.nacos.common.remote.client   : [50b1d045-5544-409f-8e96-03a963e050df] Success to connect a server [192.168.145.128:8848], connectionId = 1736061237732_192.168.145.1_55668
15:13:58:009  INFO 20260 --- [com.alibaba.nacos.client.remote.worker] com.alibaba.nacos.common.remote.client   : [50b1d045-5544-409f-8e96-03a963e050df] Abandon prev connection, server is 192.168.145.128:8848, connectionId is 1735949770246_192.168.145.1_54674
15:13:58:010  INFO 20260 --- [com.alibaba.nacos.client.remote.worker] com.alibaba.nacos.common.remote.client   : Close current connection 1735949770246_192.168.145.1_54674
15:13:58:011  INFO 20260 --- [com.alibaba.nacos.client.remote.worker] com.alibaba.nacos.common.remote.client   : [50b1d045-5544-409f-8e96-03a963e050df] Notify disconnected event to listeners
15:13:58:015  INFO 20260 --- [com.alibaba.nacos.client.remote.worker] com.alibaba.nacos.common.remote.client   : [50b1d045-5544-409f-8e96-03a963e050df] Notify connected event to listeners.
15:13:58:016  WARN 20260 --- [nacos-grpc-client-executor-362] c.a.n.c.remote.client.grpc.GrpcClient    : [1735949770246_192.168.145.1_54674]Ignore error event,isRunning:true,isAbandon=true
15:13:59:093  INFO 20260 --- [nacos-grpc-client-executor-368] com.alibaba.nacos.common.remote.client   : [50b1d045-5544-409f-8e96-03a963e050df] Receive server push request, request = NotifySubscriberRequest, requestId = 188
15:13:59:094  INFO 20260 --- [nacos-grpc-client-executor-368] com.alibaba.nacos.common.remote.client   : [50b1d045-5544-409f-8e96-03a963e050df] Ack server push request, request = NotifySubscriberRequest, requestId = 188
15:13:59:196  INFO 20260 --- [nacos-grpc-client-executor-369] com.alibaba.nacos.common.remote.client   : [50b1d045-5544-409f-8e96-03a963e050df] Receive server push request, request = NotifySubscriberRequest, requestId = 190
15:13:59:196  INFO 20260 --- [nacos-grpc-client-executor-369] com.alibaba.nacos.common.remote.client   : [50b1d045-5544-409f-8e96-03a963e050df] Ack server push request, request = NotifySubscriberRequest, requestId = 190
15:13:59:294  INFO 20260 --- [nacos-grpc-client-executor-370] com.alibaba.nacos.common.remote.client   : [50b1d045-5544-409f-8e96-03a963e050df] Receive server push request, request = NotifySubscriberRequest, requestId = 191
15:13:59:295  INFO 20260 --- [nacos-grpc-client-executor-370] com.alibaba.nacos.common.remote.client   : [50b1d045-5544-409f-8e96-03a963e050df] Ack server push request, request = NotifySubscriberRequest, requestId = 191
15:14:00:302  INFO 20260 --- [nacos-grpc-client-executor-371] com.alibaba.nacos.common.remote.client   : [50b1d045-5544-409f-8e96-03a963e050df] Receive server push request, request = NotifySubscriberRequest, requestId = 194
15:14:00:303  INFO 20260 --- [nacos-grpc-client-executor-371] com.alibaba.nacos.common.remote.client   : [50b1d045-5544-409f-8e96-03a963e050df] Ack server push request, request = NotifySubscriberRequest, requestId = 194
15:29:02:350 ERROR 20260 --- [com.alibaba.nacos.client.naming.updater.2] com.alibaba.nacos.common.remote.client   : Send request fail, request = ServiceQueryRequest{headers={}, requestId='null'}, retryTimes = 0, errorMessage = java.util.concurrent.TimeoutException: Waited 3000 milliseconds (plus 16 milliseconds, 176900 nanoseconds delay) for com.alibaba.nacos.shaded.io.grpc.stub.ClientCalls$GrpcFuture@79ca833c[status=PENDING, info=[GrpcFuture{clientCall={delegate={delegate=ClientCallImpl{method=MethodDescriptor{fullMethodName=Request/request, type=UNARY, idempotent=false, safe=false, sampledToLocalTracing=true, requestMarshaller=com.alibaba.nacos.shaded.io.grpc.protobuf.lite.ProtoLiteUtils$MessageMarshaller@3a425508, responseMarshaller=com.alibaba.nacos.shaded.io.grpc.protobuf.lite.ProtoLiteUtils$MessageMarshaller@145a006e, schemaDescriptor=com.alibaba.nacos.api.grpc.auto.RequestGrpc$RequestMethodDescriptorSupplier@6f9a8678}}}}}]]
15:29:02:689  INFO 20260 --- [com.alibaba.nacos.client.remote.worker] com.alibaba.nacos.common.remote.client   : [50b1d045-5544-409f-8e96-03a963e050df] Server check success, currentServer is 192.168.145.128:8848 
15:29:03:561  INFO 20260 --- [nacos-grpc-client-executor-572] com.alibaba.nacos.common.remote.client   : [50b1d045-5544-409f-8e96-03a963e050df] Receive server push request, request = NotifySubscriberRequest, requestId = 202
15:29:03:564  INFO 20260 --- [nacos-grpc-client-executor-572] com.alibaba.nacos.common.remote.client   : [50b1d045-5544-409f-8e96-03a963e050df] Ack server push request, request = NotifySubscriberRequest, requestId = 202
15:29:05:979  INFO 20260 --- [nacos-grpc-client-executor-573] com.alibaba.nacos.common.remote.client   : [50b1d045-5544-409f-8e96-03a963e050df] Receive server push request, request = NotifySubscriberRequest, requestId = 212
15:29:05:982  INFO 20260 --- [nacos-grpc-client-executor-573] com.alibaba.nacos.common.remote.client   : [50b1d045-5544-409f-8e96-03a963e050df] Ack server push request, request = NotifySubscriberRequest, requestId = 212
15:59:43:491  WARN 20260 --- [Thread-4] c.a.nacos.common.notify.NotifyCenter     : [NotifyCenter] Start destroying Publisher
15:59:43:491  WARN 20260 --- [Thread-7] c.a.n.common.http.HttpClientBeanHolder   : [HttpClientBeanHolder] Start destroying common HttpClient
15:59:43:493  WARN 20260 --- [Thread-4] c.a.nacos.common.notify.NotifyCenter     : [NotifyCenter] Destruction of the end
15:59:43:494  WARN 20260 --- [Thread-7] c.a.n.common.http.HttpClientBeanHolder   : [HttpClientBeanHolder] Destruction of the end
15:59:44:050  INFO 20260 --- [SpringApplicationShutdownHook] c.a.c.n.registry.NacosServiceRegistry    : De-registering from Nacos Server now...
15:59:44:053  INFO 20260 --- [SpringApplicationShutdownHook] c.a.c.n.registry.NacosServiceRegistry    : De-registration finished.
15:59:44:392  INFO 20260 --- [SpringApplicationShutdownHook] com.alibaba.nacos.common.remote.client   : Shutdown rpc client, set status to shutdown
15:59:44:392  INFO 20260 --- [SpringApplicationShutdownHook] com.alibaba.nacos.common.remote.client   : Shutdown client event executor java.util.concurrent.ScheduledThreadPoolExecutor@355ec621[Running, pool size = 2, active threads = 2, queued tasks = 0, completed tasks = 0]
15:59:44:393  INFO 20260 --- [SpringApplicationShutdownHook] com.alibaba.nacos.common.remote.client   : Close current connection 1736061237732_192.168.145.1_55668
15:59:44:395  INFO 20260 --- [nacos-grpc-client-executor-944] c.a.n.c.remote.client.grpc.GrpcClient    : [1736061237732_192.168.145.1_55668]Ignore complete event,isRunning:false,isAbandon=false
15:59:44:397  INFO 20260 --- [SpringApplicationShutdownHook] c.a.n.c.remote.client.grpc.GrpcClient    : Shutdown grpc executor java.util.concurrent.ThreadPoolExecutor@187bb699[Running, pool size = 5, active threads = 0, queued tasks = 0, completed tasks = 945]
15:59:44:405  INFO 20260 --- [SpringApplicationShutdownHook] com.zaxxer.hikari.HikariDataSource       : HikariPool-1 - Shutdown initiated...
15:59:44:420  INFO 20260 --- [SpringApplicationShutdownHook] com.zaxxer.hikari.HikariDataSource       : HikariPool-1 - Shutdown completed.
