14:47:33:178  INFO 48044 --- [main] com.hmall.user.UserApplication           : Starting UserApplication using Java 11.0.22 on LAPTOP-JO16PU0D with PID 48044 (D:\3D对象\涵盖桌面\一点没学会\Idea_workspace\hmall\user-service\target\classes started by Perseverance in D:\3D对象\涵盖桌面\一点没学会\Idea_workspace\hmall)
14:47:33:185 DEBUG 48044 --- [main] com.hmall.user.UserApplication           : Running with Spring Boot v2.7.12, Spring v5.3.27
14:47:33:187  INFO 48044 --- [main] com.hmall.user.UserApplication           : The following 1 profile is active: "local"
14:47:34:475  INFO 48044 --- [main] o.s.cloud.context.scope.GenericScope     : BeanFactory id=5a8305c1-d13d-360d-9d3c-c7a645eb424c
14:47:34:880  INFO 48044 --- [main] o.s.b.w.embedded.tomcat.TomcatWebServer  : Tomcat initialized with port(s): 8084 (http)
14:47:34:893  INFO 48044 --- [main] o.apache.catalina.core.StandardService   : Starting service [Tomcat]
14:47:34:893  INFO 48044 --- [main] org.apache.catalina.core.StandardEngine  : Starting Servlet engine: [Apache Tomcat/9.0.75]
14:47:35:065  INFO 48044 --- [main] o.a.c.c.C.[Tomcat].[localhost].[/]       : Initializing Spring embedded WebApplicationContext
14:47:35:065  INFO 48044 --- [main] w.s.c.ServletWebServerApplicationContext : Root WebApplicationContext: initialization completed in 1781 ms
14:47:40:165  INFO 48044 --- [main] pertySourcedRequestMappingHandlerMapping : Mapped URL path [/v2/api-docs] onto method [springfox.documentation.swagger2.web.Swagger2ControllerWebMvc#getDocumentation(String, HttpServletRequest)]
14:47:41:292  INFO 48044 --- [main] com.alibaba.nacos.common.remote.client   : [RpcClientFactory] create a new rpc client of 6f4d9287-ff9d-4f49-8e55-efa5c899b174
14:47:41:346  INFO 48044 --- [main] org.reflections.Reflections              : Reflections took 25 ms to scan 1 urls, producing 3 keys and 6 values 
14:47:41:379  INFO 48044 --- [main] org.reflections.Reflections              : Reflections took 12 ms to scan 1 urls, producing 4 keys and 9 values 
14:47:41:393  INFO 48044 --- [main] org.reflections.Reflections              : Reflections took 10 ms to scan 1 urls, producing 3 keys and 10 values 
14:47:41:395  WARN 48044 --- [main] org.reflections.Reflections              : given scan urls are empty. set urls in the configuration
14:47:41:405  INFO 48044 --- [main] org.reflections.Reflections              : Reflections took 9 ms to scan 1 urls, producing 1 keys and 5 values 
14:47:41:417  INFO 48044 --- [main] org.reflections.Reflections              : Reflections took 10 ms to scan 1 urls, producing 1 keys and 7 values 
14:47:41:439  INFO 48044 --- [main] org.reflections.Reflections              : Reflections took 7 ms to scan 1 urls, producing 2 keys and 8 values 
14:47:41:441  WARN 48044 --- [main] org.reflections.Reflections              : given scan urls are empty. set urls in the configuration
14:47:41:442  INFO 48044 --- [main] com.alibaba.nacos.common.remote.client   : [6f4d9287-ff9d-4f49-8e55-efa5c899b174] RpcClient init label, labels = {module=naming, source=sdk}
14:47:41:444  INFO 48044 --- [main] com.alibaba.nacos.common.remote.client   : [6f4d9287-ff9d-4f49-8e55-efa5c899b174] RpcClient init, ServerListFactory = com.alibaba.nacos.client.naming.core.ServerListManager
14:47:41:444  INFO 48044 --- [main] com.alibaba.nacos.common.remote.client   : [6f4d9287-ff9d-4f49-8e55-efa5c899b174] Registry connection listener to current client:com.alibaba.nacos.client.naming.remote.gprc.redo.NamingGrpcRedoService
14:47:41:445  INFO 48044 --- [main] com.alibaba.nacos.common.remote.client   : [6f4d9287-ff9d-4f49-8e55-efa5c899b174] Register server push request handler:com.alibaba.nacos.client.naming.remote.gprc.NamingPushRequestHandler
14:47:41:446  INFO 48044 --- [main] com.alibaba.nacos.common.remote.client   : [6f4d9287-ff9d-4f49-8e55-efa5c899b174] Try to connect to server on start up, server: {serverIp = '192.168.145.128', server main port = 8848}
14:47:45:010  INFO 48044 --- [main] com.alibaba.nacos.common.remote.client   : [6f4d9287-ff9d-4f49-8e55-efa5c899b174] Success to connect to server [192.168.145.128:8848] on start up, connectionId = 1735949760986_192.168.145.1_54632
14:47:45:011  INFO 48044 --- [com.alibaba.nacos.client.remote.worker] com.alibaba.nacos.common.remote.client   : [6f4d9287-ff9d-4f49-8e55-efa5c899b174] Notify connected event to listeners.
14:47:45:012  INFO 48044 --- [main] com.alibaba.nacos.common.remote.client   : [6f4d9287-ff9d-4f49-8e55-efa5c899b174] Register server push request handler:com.alibaba.nacos.common.remote.client.RpcClient$ConnectResetRequestHandler
14:47:45:013  INFO 48044 --- [main] com.alibaba.nacos.common.remote.client   : [6f4d9287-ff9d-4f49-8e55-efa5c899b174] Register server push request handler:com.alibaba.nacos.common.remote.client.RpcClient$$Lambda$955/0x0000000800840040
14:47:45:088  INFO 48044 --- [main] o.s.b.w.embedded.tomcat.TomcatWebServer  : Tomcat started on port(s): 8084 (http) with context path ''
14:47:45:108  INFO 48044 --- [main] c.a.c.n.registry.NacosServiceRegistry    : nacos registry, DEFAULT_GROUP user-service 192.168.228.1:8084 register finished
14:47:45:549  INFO 48044 --- [nacos-grpc-client-executor-10] com.alibaba.nacos.common.remote.client   : [6f4d9287-ff9d-4f49-8e55-efa5c899b174] Receive server push request, request = NotifySubscriberRequest, requestId = 146
14:47:45:554  INFO 48044 --- [nacos-grpc-client-executor-10] com.alibaba.nacos.common.remote.client   : [6f4d9287-ff9d-4f49-8e55-efa5c899b174] Ack server push request, request = NotifySubscriberRequest, requestId = 146
14:47:46:241  INFO 48044 --- [main] d.s.w.p.DocumentationPluginsBootstrapper : Documentation plugins bootstrapped
14:47:46:243  INFO 48044 --- [main] d.s.w.p.DocumentationPluginsBootstrapper : Found 1 custom documentation plugin(s)
14:47:46:264  INFO 48044 --- [main] s.d.s.w.s.ApiListingReferenceScanner     : Scanning for api listing references
14:47:46:399  INFO 48044 --- [main] com.hmall.user.UserApplication           : Started UserApplication in 14.875 seconds (JVM running for 16.224)
14:48:08:814  INFO 48044 --- [http-nio-8084-exec-1] o.a.c.c.C.[Tomcat].[localhost].[/]       : Initializing Spring DispatcherServlet 'dispatcherServlet'
14:48:08:814  INFO 48044 --- [http-nio-8084-exec-1] o.s.web.servlet.DispatcherServlet        : Initializing Servlet 'dispatcherServlet'
14:48:08:815  INFO 48044 --- [http-nio-8084-exec-1] o.s.web.servlet.DispatcherServlet        : Completed initialization in 1 ms
14:48:08:918  INFO 48044 --- [http-nio-8084-exec-1] com.zaxxer.hikari.HikariDataSource       : HikariPool-1 - Starting...
14:48:09:081  INFO 48044 --- [http-nio-8084-exec-1] com.zaxxer.hikari.HikariDataSource       : HikariPool-1 - Start completed.
14:48:09:086 DEBUG 48044 --- [http-nio-8084-exec-1] c.h.user.mapper.UserMapper.selectOne     : ==>  Preparing: SELECT id,username,password,phone,create_time,update_time,status,balance FROM user WHERE (username = ?)
14:48:09:099 DEBUG 48044 --- [http-nio-8084-exec-1] c.h.user.mapper.UserMapper.selectOne     : ==> Parameters: jack(String)
14:48:09:122 DEBUG 48044 --- [http-nio-8084-exec-1] c.h.user.mapper.UserMapper.selectOne     : <==      Total: 1
14:49:54:094 DEBUG 48044 --- [http-nio-8084-exec-3] c.h.u.mapper.AddressMapper.selectList    : ==>  Preparing: SELECT id,user_id,province,city,town,mobile,street,contact,is_default,notes FROM address WHERE (user_id = ?)
14:49:54:095 DEBUG 48044 --- [http-nio-8084-exec-3] c.h.u.mapper.AddressMapper.selectList    : ==> Parameters: 1(Long)
14:49:54:106 DEBUG 48044 --- [http-nio-8084-exec-3] c.h.u.mapper.AddressMapper.selectList    : <==      Total: 4
14:53:03:315  INFO 48044 --- [nacos-grpc-client-executor-85] com.alibaba.nacos.common.remote.client   : [6f4d9287-ff9d-4f49-8e55-efa5c899b174] Receive server push request, request = ClientDetectionRequest, requestId = 160
14:53:03:316  INFO 48044 --- [nacos-grpc-client-executor-85] com.alibaba.nacos.common.remote.client   : [6f4d9287-ff9d-4f49-8e55-efa5c899b174] Ack server push request, request = ClientDetectionRequest, requestId = 160
14:53:54:249 DEBUG 48044 --- [http-nio-8084-exec-5] c.h.u.mapper.AddressMapper.selectList    : ==>  Preparing: SELECT id,user_id,province,city,town,mobile,street,contact,is_default,notes FROM address WHERE (user_id = ?)
14:53:54:249 DEBUG 48044 --- [http-nio-8084-exec-5] c.h.u.mapper.AddressMapper.selectList    : ==> Parameters: 1(Long)
14:53:54:256 DEBUG 48044 --- [http-nio-8084-exec-5] c.h.u.mapper.AddressMapper.selectList    : <==      Total: 4
15:13:48:180  INFO 48044 --- [com.alibaba.nacos.client.remote.worker] com.alibaba.nacos.common.remote.client   : [6f4d9287-ff9d-4f49-8e55-efa5c899b174] Server healthy check fail, currentConnection = 1735949760986_192.168.145.1_54632
15:13:48:185  INFO 48044 --- [com.alibaba.nacos.client.remote.worker] com.alibaba.nacos.common.remote.client   : [6f4d9287-ff9d-4f49-8e55-efa5c899b174] Try to reconnect to a new server, server is  not appointed, will choose a random server.
15:13:49:365 ERROR 48044 --- [com.alibaba.nacos.client.naming.updater.0] com.alibaba.nacos.common.remote.client   : Send request fail, request = ServiceQueryRequest{headers={}, requestId='null'}, retryTimes = 0, errorMessage = java.util.concurrent.TimeoutException: Waited 3000 milliseconds (plus 8 milliseconds, 413000 nanoseconds delay) for com.alibaba.nacos.shaded.io.grpc.stub.ClientCalls$GrpcFuture@4e1d1c3b[status=PENDING, info=[GrpcFuture{clientCall={delegate={delegate=ClientCallImpl{method=MethodDescriptor{fullMethodName=Request/request, type=UNARY, idempotent=false, safe=false, sampledToLocalTracing=true, requestMarshaller=com.alibaba.nacos.shaded.io.grpc.protobuf.lite.ProtoLiteUtils$MessageMarshaller@68bb4e49, responseMarshaller=com.alibaba.nacos.shaded.io.grpc.protobuf.lite.ProtoLiteUtils$MessageMarshaller@18516930, schemaDescriptor=com.alibaba.nacos.api.grpc.auto.RequestGrpc$RequestMethodDescriptorSupplier@334196b9}}}}}]]
15:13:51:193 ERROR 48044 --- [com.alibaba.nacos.client.remote.worker] c.a.n.c.remote.client.grpc.GrpcClient    : Server check fail, please check server 192.168.145.128 ,port 9848 is available , error ={}

java.util.concurrent.TimeoutException: Waited 3000 milliseconds (plus 801000 nanoseconds delay) for com.alibaba.nacos.shaded.io.grpc.stub.ClientCalls$GrpcFuture@4831b1a8[status=PENDING, info=[GrpcFuture{clientCall={delegate={delegate=ClientCallImpl{method=MethodDescriptor{fullMethodName=Request/request, type=UNARY, idempotent=false, safe=false, sampledToLocalTracing=true, requestMarshaller=com.alibaba.nacos.shaded.io.grpc.protobuf.lite.ProtoLiteUtils$MessageMarshaller@68bb4e49, responseMarshaller=com.alibaba.nacos.shaded.io.grpc.protobuf.lite.ProtoLiteUtils$MessageMarshaller@18516930, schemaDescriptor=com.alibaba.nacos.api.grpc.auto.RequestGrpc$RequestMethodDescriptorSupplier@334196b9}}}}}]]
	at com.alibaba.nacos.shaded.com.google.common.util.concurrent.AbstractFuture.get(AbstractFuture.java:508) ~[nacos-client-2.0.4.jar:na]
	at com.alibaba.nacos.common.remote.client.grpc.GrpcClient.serverCheck(GrpcClient.java:148) ~[nacos-client-2.0.4.jar:na]
	at com.alibaba.nacos.common.remote.client.grpc.GrpcClient.connectToServer(GrpcClient.java:264) ~[nacos-client-2.0.4.jar:na]
	at com.alibaba.nacos.common.remote.client.RpcClient.reconnect(RpcClient.java:522) ~[nacos-client-2.0.4.jar:na]
	at com.alibaba.nacos.common.remote.client.RpcClient.lambda$start$2(RpcClient.java:370) ~[nacos-client-2.0.4.jar:na]
	at java.base/java.util.concurrent.Executors$RunnableAdapter.call(Executors.java:515) ~[na:na]
	at java.base/java.util.concurrent.FutureTask.run(FutureTask.java:264) ~[na:na]
	at java.base/java.util.concurrent.ScheduledThreadPoolExecutor$ScheduledFutureTask.run(ScheduledThreadPoolExecutor.java:304) ~[na:na]
	at java.base/java.util.concurrent.ThreadPoolExecutor.runWorker(ThreadPoolExecutor.java:1128) ~[na:na]
	at java.base/java.util.concurrent.ThreadPoolExecutor$Worker.run(ThreadPoolExecutor.java:628) ~[na:na]
	at java.base/java.lang.Thread.run(Thread.java:829) ~[na:na]

15:13:51:502 ERROR 48044 --- [com.alibaba.nacos.client.naming.updater.0] com.alibaba.nacos.common.remote.client   : Send request fail, request = ServiceQueryRequest{headers={app=unknown}, requestId='null'}, retryTimes = 0, errorMessage = Client not connected, current status:UNHEALTHY
15:13:51:611 ERROR 48044 --- [com.alibaba.nacos.client.naming.updater.0] com.alibaba.nacos.common.remote.client   : Send request fail, request = ServiceQueryRequest{headers={app=unknown}, requestId='null'}, retryTimes = 1, errorMessage = Client not connected, current status:UNHEALTHY
15:13:51:730 ERROR 48044 --- [com.alibaba.nacos.client.naming.updater.0] com.alibaba.nacos.common.remote.client   : Send request fail, request = ServiceQueryRequest{headers={app=unknown}, requestId='null'}, retryTimes = 2, errorMessage = Client not connected, current status:UNHEALTHY
15:13:54:320 ERROR 48044 --- [com.alibaba.nacos.client.remote.worker] c.a.n.c.remote.client.grpc.GrpcClient    : Server check fail, please check server 192.168.145.128 ,port 9848 is available , error ={}

java.util.concurrent.TimeoutException: Waited 3000 milliseconds (plus 2 milliseconds, 247600 nanoseconds delay) for com.alibaba.nacos.shaded.io.grpc.stub.ClientCalls$GrpcFuture@6bd473d3[status=PENDING, info=[GrpcFuture{clientCall={delegate={delegate=ClientCallImpl{method=MethodDescriptor{fullMethodName=Request/request, type=UNARY, idempotent=false, safe=false, sampledToLocalTracing=true, requestMarshaller=com.alibaba.nacos.shaded.io.grpc.protobuf.lite.ProtoLiteUtils$MessageMarshaller@68bb4e49, responseMarshaller=com.alibaba.nacos.shaded.io.grpc.protobuf.lite.ProtoLiteUtils$MessageMarshaller@18516930, schemaDescriptor=com.alibaba.nacos.api.grpc.auto.RequestGrpc$RequestMethodDescriptorSupplier@334196b9}}}}}]]
	at com.alibaba.nacos.shaded.com.google.common.util.concurrent.AbstractFuture.get(AbstractFuture.java:508) ~[nacos-client-2.0.4.jar:na]
	at com.alibaba.nacos.common.remote.client.grpc.GrpcClient.serverCheck(GrpcClient.java:148) ~[nacos-client-2.0.4.jar:na]
	at com.alibaba.nacos.common.remote.client.grpc.GrpcClient.connectToServer(GrpcClient.java:264) ~[nacos-client-2.0.4.jar:na]
	at com.alibaba.nacos.common.remote.client.RpcClient.reconnect(RpcClient.java:522) ~[nacos-client-2.0.4.jar:na]
	at com.alibaba.nacos.common.remote.client.RpcClient.lambda$start$2(RpcClient.java:370) ~[nacos-client-2.0.4.jar:na]
	at java.base/java.util.concurrent.Executors$RunnableAdapter.call(Executors.java:515) ~[na:na]
	at java.base/java.util.concurrent.FutureTask.run(FutureTask.java:264) ~[na:na]
	at java.base/java.util.concurrent.ScheduledThreadPoolExecutor$ScheduledFutureTask.run(ScheduledThreadPoolExecutor.java:304) ~[na:na]
	at java.base/java.util.concurrent.ThreadPoolExecutor.runWorker(ThreadPoolExecutor.java:1128) ~[na:na]
	at java.base/java.util.concurrent.ThreadPoolExecutor$Worker.run(ThreadPoolExecutor.java:628) ~[na:na]
	at java.base/java.lang.Thread.run(Thread.java:829) ~[na:na]

15:13:54:322  INFO 48044 --- [com.alibaba.nacos.client.remote.worker] com.alibaba.nacos.common.remote.client   : [6f4d9287-ff9d-4f49-8e55-efa5c899b174] Fail to connect server, after trying 1 times, last try server is {serverIp = '192.168.145.128', server main port = 8848}, error = unknown
15:13:55:863 ERROR 48044 --- [com.alibaba.nacos.client.naming.updater.0] com.alibaba.nacos.common.remote.client   : Send request fail, request = ServiceQueryRequest{headers={app=unknown}, requestId='null'}, retryTimes = 0, errorMessage = Client not connected, current status:UNHEALTHY
15:13:55:973 ERROR 48044 --- [com.alibaba.nacos.client.naming.updater.0] com.alibaba.nacos.common.remote.client   : Send request fail, request = ServiceQueryRequest{headers={app=unknown}, requestId='null'}, retryTimes = 1, errorMessage = Client not connected, current status:UNHEALTHY
15:13:56:081 ERROR 48044 --- [com.alibaba.nacos.client.naming.updater.0] com.alibaba.nacos.common.remote.client   : Send request fail, request = ServiceQueryRequest{headers={app=unknown}, requestId='null'}, retryTimes = 2, errorMessage = Client not connected, current status:UNHEALTHY
15:13:57:544 ERROR 48044 --- [com.alibaba.nacos.client.remote.worker] c.a.n.c.remote.client.grpc.GrpcClient    : Server check fail, please check server 192.168.145.128 ,port 9848 is available , error ={}

java.util.concurrent.TimeoutException: Waited 3000 milliseconds (plus 4 milliseconds, 217300 nanoseconds delay) for com.alibaba.nacos.shaded.io.grpc.stub.ClientCalls$GrpcFuture@2d14b439[status=PENDING, info=[GrpcFuture{clientCall={delegate={delegate=ClientCallImpl{method=MethodDescriptor{fullMethodName=Request/request, type=UNARY, idempotent=false, safe=false, sampledToLocalTracing=true, requestMarshaller=com.alibaba.nacos.shaded.io.grpc.protobuf.lite.ProtoLiteUtils$MessageMarshaller@68bb4e49, responseMarshaller=com.alibaba.nacos.shaded.io.grpc.protobuf.lite.ProtoLiteUtils$MessageMarshaller@18516930, schemaDescriptor=com.alibaba.nacos.api.grpc.auto.RequestGrpc$RequestMethodDescriptorSupplier@334196b9}}}}}]]
	at com.alibaba.nacos.shaded.com.google.common.util.concurrent.AbstractFuture.get(AbstractFuture.java:508) ~[nacos-client-2.0.4.jar:na]
	at com.alibaba.nacos.common.remote.client.grpc.GrpcClient.serverCheck(GrpcClient.java:148) ~[nacos-client-2.0.4.jar:na]
	at com.alibaba.nacos.common.remote.client.grpc.GrpcClient.connectToServer(GrpcClient.java:264) ~[nacos-client-2.0.4.jar:na]
	at com.alibaba.nacos.common.remote.client.RpcClient.reconnect(RpcClient.java:522) ~[nacos-client-2.0.4.jar:na]
	at com.alibaba.nacos.common.remote.client.RpcClient.lambda$start$2(RpcClient.java:370) ~[nacos-client-2.0.4.jar:na]
	at java.base/java.util.concurrent.Executors$RunnableAdapter.call(Executors.java:515) ~[na:na]
	at java.base/java.util.concurrent.FutureTask.run(FutureTask.java:264) ~[na:na]
	at java.base/java.util.concurrent.ScheduledThreadPoolExecutor$ScheduledFutureTask.run(ScheduledThreadPoolExecutor.java:304) ~[na:na]
	at java.base/java.util.concurrent.ThreadPoolExecutor.runWorker(ThreadPoolExecutor.java:1128) ~[na:na]
	at java.base/java.util.concurrent.ThreadPoolExecutor$Worker.run(ThreadPoolExecutor.java:628) ~[na:na]
	at java.base/java.lang.Thread.run(Thread.java:829) ~[na:na]

15:13:57:545  INFO 48044 --- [com.alibaba.nacos.client.remote.worker] com.alibaba.nacos.common.remote.client   : [6f4d9287-ff9d-4f49-8e55-efa5c899b174] Fail to connect server, after trying 2 times, last try server is {serverIp = '192.168.145.128', server main port = 8848}, error = unknown
15:13:57:993  INFO 48044 --- [com.alibaba.nacos.client.remote.worker] com.alibaba.nacos.common.remote.client   : [6f4d9287-ff9d-4f49-8e55-efa5c899b174] Success to connect a server [192.168.145.128:8848], connectionId = 1736061237711_192.168.145.1_55667
15:13:57:993  INFO 48044 --- [com.alibaba.nacos.client.remote.worker] com.alibaba.nacos.common.remote.client   : [6f4d9287-ff9d-4f49-8e55-efa5c899b174] Abandon prev connection, server is 192.168.145.128:8848, connectionId is 1735949760986_192.168.145.1_54632
15:13:57:994  INFO 48044 --- [com.alibaba.nacos.client.remote.worker] com.alibaba.nacos.common.remote.client   : Close current connection 1735949760986_192.168.145.1_54632
15:13:57:995  INFO 48044 --- [com.alibaba.nacos.client.remote.worker] com.alibaba.nacos.common.remote.client   : [6f4d9287-ff9d-4f49-8e55-efa5c899b174] Notify disconnected event to listeners
15:13:58:000  WARN 48044 --- [nacos-grpc-client-executor-349] c.a.n.c.remote.client.grpc.GrpcClient    : [1735949760986_192.168.145.1_54632]Ignore error event,isRunning:true,isAbandon=true
15:13:58:003  INFO 48044 --- [com.alibaba.nacos.client.remote.worker] com.alibaba.nacos.common.remote.client   : [6f4d9287-ff9d-4f49-8e55-efa5c899b174] Notify connected event to listeners.
15:14:01:107  INFO 48044 --- [nacos-grpc-client-executor-355] com.alibaba.nacos.common.remote.client   : [6f4d9287-ff9d-4f49-8e55-efa5c899b174] Receive server push request, request = NotifySubscriberRequest, requestId = 197
15:14:01:107  INFO 48044 --- [nacos-grpc-client-executor-355] com.alibaba.nacos.common.remote.client   : [6f4d9287-ff9d-4f49-8e55-efa5c899b174] Ack server push request, request = NotifySubscriberRequest, requestId = 197
15:14:16:831 DEBUG 48044 --- [http-nio-8084-exec-8] c.h.user.mapper.UserMapper.selectOne     : ==>  Preparing: SELECT id,username,password,phone,create_time,update_time,status,balance FROM user WHERE (username = ?)
15:14:16:832 DEBUG 48044 --- [http-nio-8084-exec-8] c.h.user.mapper.UserMapper.selectOne     : ==> Parameters: jack(String)
15:14:16:840 DEBUG 48044 --- [http-nio-8084-exec-8] c.h.user.mapper.UserMapper.selectOne     : <==      Total: 1
15:59:43:745  WARN 48044 --- [Thread-4] c.a.nacos.common.notify.NotifyCenter     : [NotifyCenter] Start destroying Publisher
15:59:43:745  WARN 48044 --- [Thread-7] c.a.n.common.http.HttpClientBeanHolder   : [HttpClientBeanHolder] Start destroying common HttpClient
15:59:43:748  WARN 48044 --- [Thread-4] c.a.nacos.common.notify.NotifyCenter     : [NotifyCenter] Destruction of the end
15:59:43:750  WARN 48044 --- [Thread-7] c.a.n.common.http.HttpClientBeanHolder   : [HttpClientBeanHolder] Destruction of the end
15:59:44:394  INFO 48044 --- [SpringApplicationShutdownHook] c.a.c.n.registry.NacosServiceRegistry    : De-registering from Nacos Server now...
15:59:44:399  INFO 48044 --- [SpringApplicationShutdownHook] c.a.c.n.registry.NacosServiceRegistry    : De-registration finished.
15:59:44:733  INFO 48044 --- [SpringApplicationShutdownHook] com.alibaba.nacos.common.remote.client   : Shutdown rpc client, set status to shutdown
15:59:44:734  INFO 48044 --- [SpringApplicationShutdownHook] com.alibaba.nacos.common.remote.client   : Shutdown client event executor java.util.concurrent.ScheduledThreadPoolExecutor@47a1ac5f[Running, pool size = 2, active threads = 2, queued tasks = 0, completed tasks = 0]
15:59:44:734  INFO 48044 --- [SpringApplicationShutdownHook] com.alibaba.nacos.common.remote.client   : Close current connection 1736061237711_192.168.145.1_55667
15:59:44:737  INFO 48044 --- [nacos-grpc-client-executor-917] c.a.n.c.remote.client.grpc.GrpcClient    : [1736061237711_192.168.145.1_55667]Ignore complete event,isRunning:false,isAbandon=false
15:59:44:739  INFO 48044 --- [SpringApplicationShutdownHook] c.a.n.c.remote.client.grpc.GrpcClient    : Shutdown grpc executor java.util.concurrent.ThreadPoolExecutor@7019e1c4[Running, pool size = 5, active threads = 0, queued tasks = 0, completed tasks = 918]
15:59:44:749  INFO 48044 --- [SpringApplicationShutdownHook] com.zaxxer.hikari.HikariDataSource       : HikariPool-1 - Shutdown initiated...
15:59:44:765  INFO 48044 --- [SpringApplicationShutdownHook] com.zaxxer.hikari.HikariDataSource       : HikariPool-1 - Shutdown completed.
